<?xml version="1.0" encoding="UTF-8" ?>
<testsuite failures="0" time="0.056" errors="0" skipped="0" tests="1" name="org.nuxeo.cookbook.AppTest">
  <properties>
    <property name="java.runtime.name" value="Java(TM) SE Runtime Environment"/>
    <property name="sun.boot.library.path" value="/usr/lib/jvm/java-6-sun-1.6.0.24/jre/lib/amd64"/>
    <property name="java.vm.version" value="19.1-b02"/>
    <property name="java.vm.vendor" value="Sun Microsystems Inc."/>
    <property name="java.vendor.url" value="http://java.sun.com/"/>
    <property name="path.separator" value=":"/>
    <property name="java.vm.name" value="Java HotSpot(TM) 64-Bit Server VM"/>
    <property name="file.encoding.pkg" value="sun.io"/>
    <property name="user.country" value="US"/>
    <property name="sun.java.launcher" value="SUN_STANDARD"/>
    <property name="sun.os.patch.level" value="unknown"/>
    <property name="java.vm.specification.name" value="Java Virtual Machine Specification"/>
    <property name="user.dir" value="/home/rlegall/Workspaces/CookBook/emptyproject"/>
    <property name="java.runtime.version" value="1.6.0_24-b07"/>
    <property name="java.awt.graphicsenv" value="sun.awt.X11GraphicsEnvironment"/>
    <property name="basedir" value="/home/rlegall/Workspaces/CookBook/emptyproject"/>
    <property name="java.endorsed.dirs" value="/usr/lib/jvm/java-6-sun-1.6.0.24/jre/lib/endorsed"/>
    <property name="os.arch" value="amd64"/>
    <property name="surefire.real.class.path" value="/tmp/surefirebooter8350145487920989494.jar"/>
    <property name="java.io.tmpdir" value="/tmp"/>
    <property name="line.separator" value="
"/>
    <property name="java.vm.specification.vendor" value="Sun Microsystems Inc."/>
    <property name="os.name" value="Linux"/>
    <property name="net.sourceforge.cobertura.datafile" value="/home/rlegall/Workspaces/CookBook/emptyproject/target/cobertura/cobertura.ser"/>
    <property name="sun.jnu.encoding" value="UTF-8"/>
    <property name="java.library.path" value="/usr/lib/jvm/java-6-sun-1.6.0.24/jre/lib/amd64/server:/usr/lib/jvm/java-6-sun-1.6.0.24/jre/lib/amd64:/usr/lib/jvm/java-6-sun-1.6.0.24/jre/../lib/amd64:/usr/java/packages/lib/amd64:/usr/lib64:/lib64:/lib:/usr/lib"/>
    <property name="surefire.test.class.path" value="/home/rlegall/Workspaces/CookBook/emptyproject/target/test-classes:/home/rlegall/Workspaces/CookBook/emptyproject/target/classes:/home/rlegall/.m2/repository/junit/junit/4.8.2/junit-4.8.2.jar:/home/rlegall/.m2/repository/org/nuxeo/common/nuxeo-common/5.4.2-SNAPSHOT/nuxeo-common-5.4.2-SNAPSHOT.jar:/home/rlegall/.m2/repository/org/nuxeo/runtime/nuxeo-runtime/5.4.2-SNAPSHOT/nuxeo-runtime-5.4.2-SNAPSHOT.jar:/home/rlegall/.m2/repository/org/nuxeo/runtime/nuxeo-runtime-test/5.4.2-SNAPSHOT/nuxeo-runtime-test-5.4.2-SNAPSHOT.jar:/home/rlegall/.m2/repository/com/google/code/guice/guice/2.0/guice-2.0.jar:/home/rlegall/.m2/repository/org/nuxeo/runtime/nuxeo-runtime-remoting/5.4.2-SNAPSHOT/nuxeo-runtime-remoting-5.4.2-SNAPSHOT.jar:/home/rlegall/.m2/repository/jboss/jboss-remoting/2.2.2.SP1/jboss-remoting-2.2.2.SP1.jar:/home/rlegall/.m2/repository/jboss/jboss-common/4.2.3.GA/jboss-common-4.2.3.GA.jar:/home/rlegall/.m2/repository/org/nuxeo/runtime/nuxeo-runtime-osgi/5.4.2-SNAPSHOT/nuxeo-runtime-osgi-5.4.2-SNAPSHOT.jar:/home/rlegall/.m2/repository/jmock/jmock/1.2.0/jmock-1.2.0.jar:/home/rlegall/.m2/repository/org/osgi/osgi-core/4.1/osgi-core-4.1.jar:/home/rlegall/.m2/repository/commons-io/commons-io/1.4/commons-io-1.4.jar:/home/rlegall/.m2/repository/org/nuxeo/runtime/nuxeo-runtime-jetty-adapter/5.4.2-SNAPSHOT/nuxeo-runtime-jetty-adapter-5.4.2-SNAPSHOT.jar:/home/rlegall/.m2/repository/org/seleniumhq/selenium/selenium/2.0b1/selenium-2.0b1.jar:/home/rlegall/.m2/repository/org/seleniumhq/selenium/selenium-chrome-driver/2.0b1/selenium-chrome-driver-2.0b1.jar:/home/rlegall/.m2/repository/org/seleniumhq/selenium/selenium-remote-client/2.0b1/selenium-remote-client-2.0b1.jar:/home/rlegall/.m2/repository/cglib/cglib-nodep/2.1_3/cglib-nodep-2.1_3.jar:/home/rlegall/.m2/repository/org/seleniumhq/selenium/selenium-remote-common/2.0b1/selenium-remote-common-2.0b1.jar:/home/rlegall/.m2/repository/org/seleniumhq/selenium/selenium-common/2.0b1/selenium-common-2.0b1.jar:/home/rlegall/.m2/repository/org/json/json/20070829/json-20070829.jar:/home/rlegall/.m2/repository/commons-codec/commons-codec/1.4/commons-codec-1.4.jar:/home/rlegall/.m2/repository/com/google/guava/guava/r07/guava-r07.jar:/home/rlegall/.m2/repository/org/apache/httpcomponents/httpclient/4.0.1/httpclient-4.0.1.jar:/home/rlegall/.m2/repository/org/apache/httpcomponents/httpcore/4.0.1/httpcore-4.0.1.jar:/home/rlegall/.m2/repository/commons-logging/commons-logging/1.1/commons-logging-1.1.jar:/home/rlegall/.m2/repository/log4j/log4j/1.2.16/log4j-1.2.16.jar:/home/rlegall/.m2/repository/logkit/logkit/1.0.1/logkit-1.0.1.jar:/home/rlegall/.m2/repository/avalon-framework/avalon-framework/4.1.3/avalon-framework-4.1.3.jar:/home/rlegall/.m2/repository/javax/servlet/servlet-api/2.4/servlet-api-2.4.jar:/home/rlegall/.m2/repository/org/seleniumhq/selenium/selenium-htmlunit-driver/2.0b1/selenium-htmlunit-driver-2.0b1.jar:/home/rlegall/.m2/repository/net/sourceforge/htmlunit/htmlunit/2.8/htmlunit-2.8.jar:/home/rlegall/.m2/repository/xalan/xalan/2.7.1/xalan-2.7.1.jar:/home/rlegall/.m2/repository/xalan/serializer/2.7.1/serializer-2.7.1.jar:/home/rlegall/.m2/repository/commons-collections/commons-collections/3.1/commons-collections-3.1.jar:/home/rlegall/.m2/repository/commons-lang/commons-lang/2.3/commons-lang-2.3.jar:/home/rlegall/.m2/repository/org/apache/httpcomponents/httpmime/4.0.1/httpmime-4.0.1.jar:/home/rlegall/.m2/repository/org/apache/james/apache-mime4j/0.6/apache-mime4j-0.6.jar:/home/rlegall/.m2/repository/net/sourceforge/htmlunit/htmlunit-core-js/2.8/htmlunit-core-js-2.8.jar:/home/rlegall/.m2/repository/xerces/xercesImpl/2.9.1/xercesImpl-2.9.1.jar:/home/rlegall/.m2/repository/net/sourceforge/nekohtml/nekohtml/1.9.9/nekohtml-1.9.9.jar:/home/rlegall/.m2/repository/net/sourceforge/cssparser/cssparser/0.9.5/cssparser-0.9.5.jar:/home/rlegall/.m2/repository/org/w3c/css/sac/1.3/sac-1.3.jar:/home/rlegall/.m2/repository/org/seleniumhq/selenium/selenium-firefox-driver/2.0b1/selenium-firefox-driver-2.0b1.jar:/home/rlegall/.m2/repository/org/seleniumhq/selenium/selenium-ie-driver/2.0b1/selenium-ie-driver-2.0b1.jar:/home/rlegall/.m2/repository/net/java/dev/jna/jna/3.2.2/jna-3.2.2.jar:/home/rlegall/.m2/repository/org/seleniumhq/selenium/selenium-iphone-driver/2.0b1/selenium-iphone-driver-2.0b1.jar:/home/rlegall/.m2/repository/org/seleniumhq/selenium/selenium-support/2.0b1/selenium-support-2.0b1.jar:/home/rlegall/.m2/repository/org/hamcrest/hamcrest-all/1.1/hamcrest-all-1.1.jar:/home/rlegall/.m2/repository/org/seleniumhq/selenium/selenium-server/2.0b1/selenium-server-2.0b1.jar:/home/rlegall/.m2/repository/ant/ant/1.6.5/ant-1.6.5.jar:/home/rlegall/.m2/repository/bouncycastle/bcprov-jdk15/135/bcprov-jdk15-135.jar:/home/rlegall/.m2/repository/mx4j/mx4j-tools/3.0.1/mx4j-tools-3.0.1.jar:/home/rlegall/.m2/repository/org/mortbay/jetty/servlet-api-2.5/6.1.14/servlet-api-2.5-6.1.14.jar:/home/rlegall/.m2/repository/org/milyn/milyn-magger/1.3.1/milyn-magger-1.3.1.jar:/home/rlegall/.m2/repository/org/milyn/milyn-commons/1.3.1/milyn-commons-1.3.1.jar:/home/rlegall/.m2/repository/org/freemarker/freemarker/2.3.11/freemarker-2.3.11.jar:/home/rlegall/.m2/repository/javassist/javassist/3.9.0.GA/javassist-3.9.0.GA.jar:/home/rlegall/.m2/repository/org/milyn/flute/1.3/flute-1.3.jar:/home/rlegall/.m2/repository/org/w3c/sac/1.3/sac-1.3.jar:/home/rlegall/.m2/repository/org/concordion/concordion/1.3.0/concordion-1.3.0.jar:/home/rlegall/.m2/repository/ognl/ognl/2.7.2/ognl-2.7.2.jar:/home/rlegall/.m2/repository/jboss/javassist/3.6.ga/javassist-3.6.ga.jar:/home/rlegall/.m2/repository/xom/xom/1.1/xom-1.1.jar:/home/rlegall/.m2/repository/concurrent/concurrent/1.3.4/concurrent-1.3.4.jar:/home/rlegall/.m2/repository/org/nuxeo/ecm/core/nuxeo-core-test/5.4.2-SNAPSHOT/nuxeo-core-test-5.4.2-SNAPSHOT.jar:/home/rlegall/.m2/repository/org/nuxeo/ecm/core/nuxeo-core-api/5.4.2-SNAPSHOT/nuxeo-core-api-5.4.2-SNAPSHOT.jar:/home/rlegall/.m2/repository/org/nuxeo/ecm/core/nuxeo-core-schema/5.4.2-SNAPSHOT/nuxeo-core-schema-5.4.2-SNAPSHOT.jar:/home/rlegall/.m2/repository/com/sun/xml/xsom/20060306/xsom-20060306.jar:/home/rlegall/.m2/repository/com/sun/xml/relaxngDatatype/1.0/relaxngDatatype-1.0.jar:/home/rlegall/.m2/repository/org/nuxeo/ecm/core/nuxeo-core-convert/5.4.2-SNAPSHOT/nuxeo-core-convert-5.4.2-SNAPSHOT.jar:/home/rlegall/.m2/repository/org/nuxeo/ecm/core/nuxeo-core-convert-api/5.4.2-SNAPSHOT/nuxeo-core-convert-api-5.4.2-SNAPSHOT.jar:/home/rlegall/.m2/repository/org/nuxeo/ecm/core/nuxeo-core-storage-sql-test/5.4.2-SNAPSHOT/nuxeo-core-storage-sql-test-5.4.2-SNAPSHOT.jar:/home/rlegall/.m2/repository/org/nuxeo/runtime/nuxeo-runtime-jtajca/5.4.2-SNAPSHOT/nuxeo-runtime-jtajca-5.4.2-SNAPSHOT.jar:/home/rlegall/.m2/repository/org/slf4j/slf4j-log4j12/1.6.0/slf4j-log4j12-1.6.0.jar:/home/rlegall/.m2/repository/org/slf4j/slf4j-api/1.6.0/slf4j-api-1.6.0.jar:/home/rlegall/.m2/repository/org/nuxeo/ecm/core/nuxeo-core-management/5.4.2-SNAPSHOT/nuxeo-core-management-5.4.2-SNAPSHOT.jar:/home/rlegall/.m2/repository/org/nuxeo/ecm/core/nuxeo-core/5.4.2-SNAPSHOT/nuxeo-core-5.4.2-SNAPSHOT.jar:/home/rlegall/.m2/repository/org/nuxeo/ecm/core/nuxeo-core-query/5.4.2-SNAPSHOT/nuxeo-core-query-5.4.2-SNAPSHOT.jar:/home/rlegall/.m2/repository/cup/java-cup/0.11a/java-cup-0.11a.jar:/home/rlegall/.m2/repository/joda-time/joda-time/1.6/joda-time-1.6.jar:/home/rlegall/.m2/repository/org/nuxeo/ecm/core/nuxeo-core-event/5.4.2-SNAPSHOT/nuxeo-core-event-5.4.2-SNAPSHOT.jar:/home/rlegall/.m2/repository/org/nuxeo/runtime/nuxeo-runtime-management/5.4.2-SNAPSHOT/nuxeo-runtime-management-5.4.2-SNAPSHOT.jar:/home/rlegall/.m2/repository/javax/script/script-api/1.0/script-api-1.0.jar:/home/rlegall/.m2/repository/org/nuxeo/ecm/core/nuxeo-core-storage-sql/5.4.2-SNAPSHOT/nuxeo-core-storage-sql-5.4.2-SNAPSHOT.jar:/home/rlegall/.m2/repository/commons-httpclient/commons-httpclient/3.1/commons-httpclient-3.1.jar:/home/rlegall/.m2/repository/org/mortbay/jetty/jetty/6.1.14/jetty-6.1.14.jar:/home/rlegall/.m2/repository/org/mortbay/jetty/jetty-util/6.1.14/jetty-util-6.1.14.jar:/home/rlegall/.m2/repository/org/apache/lucene/lucene-analyzers/2.3.2/lucene-analyzers-2.3.2.jar:/home/rlegall/.m2/repository/org/apache/lucene/lucene-core/2.3.2/lucene-core-2.3.2.jar:/home/rlegall/.m2/repository/org/nuxeo/ecm/core/nuxeo-core-storage-sql-ra/5.4.2-SNAPSHOT/nuxeo-core-storage-sql-ra-5.4.2-SNAPSHOT.jar:/home/rlegall/.m2/repository/org/nuxeo/ecm/core/nuxeo-core-storage-sql-extensions/5.4.2-SNAPSHOT/nuxeo-core-storage-sql-extensions-5.4.2-SNAPSHOT.jar:/home/rlegall/.m2/repository/commons-beanutils/commons-beanutils/1.6/commons-beanutils-1.6.jar:/home/rlegall/.m2/repository/javax/resource/connector-api/1.5/connector-api-1.5.jar:/home/rlegall/.m2/repository/org/apache/geronimo/components/geronimo-connector/2.1.3-NX1/geronimo-connector-2.1.3-NX1.jar:/home/rlegall/.m2/repository/org/apache/geronimo/components/geronimo-transaction/2.1.3/geronimo-transaction-2.1.3.jar:/home/rlegall/.m2/repository/org/apache/geronimo/specs/geronimo-jta_1.1_spec/1.1.1/geronimo-jta_1.1_spec-1.1.1.jar:/home/rlegall/.m2/repository/org/apache/geronimo/specs/geronimo-j2ee-connector_1.5_spec/2.0.0/geronimo-j2ee-connector_1.5_spec-2.0.0.jar:/home/rlegall/.m2/repository/org/objectweb/howl/howl/1.0.1-1/howl-1.0.1-1.jar:/home/rlegall/.m2/repository/com/h2database/h2/1.1.114-nx/h2-1.1.114-nx.jar:/home/rlegall/.m2/repository/org/apache/derby/derby/10.5.3.0_1/derby-10.5.3.0_1.jar:/home/rlegall/.m2/repository/postgresql/postgresql/9.0-801.jdbc4/postgresql-9.0-801.jdbc4.jar:/home/rlegall/.m2/repository/mysql/mysql-connector-java/5.1.6/mysql-connector-java-5.1.6.jar:/home/rlegall/.m2/repository/net/sourceforge/jtds/jtds/1.2.4/jtds-1.2.4.jar:"/>
    <property name="java.specification.name" value="Java Platform API Specification"/>
    <property name="java.class.version" value="50.0"/>
    <property name="sun.management.compiler" value="HotSpot 64-Bit Server Compiler"/>
    <property name="os.version" value="2.6.35-28-generic"/>
    <property name="user.home" value="/home/rlegall"/>
    <property name="user.timezone" value=""/>
    <property name="java.awt.printerjob" value="sun.print.PSPrinterJob"/>
    <property name="java.specification.version" value="1.6"/>
    <property name="file.encoding" value="UTF-8"/>
    <property name="user.name" value="rlegall"/>
    <property name="java.class.path" value="/home/rlegall/Workspaces/CookBook/emptyproject/target/test-classes:/home/rlegall/Workspaces/CookBook/emptyproject/target/classes:/home/rlegall/.m2/repository/junit/junit/4.8.2/junit-4.8.2.jar:/home/rlegall/.m2/repository/org/nuxeo/common/nuxeo-common/5.4.2-SNAPSHOT/nuxeo-common-5.4.2-SNAPSHOT.jar:/home/rlegall/.m2/repository/org/nuxeo/runtime/nuxeo-runtime/5.4.2-SNAPSHOT/nuxeo-runtime-5.4.2-SNAPSHOT.jar:/home/rlegall/.m2/repository/org/nuxeo/runtime/nuxeo-runtime-test/5.4.2-SNAPSHOT/nuxeo-runtime-test-5.4.2-SNAPSHOT.jar:/home/rlegall/.m2/repository/com/google/code/guice/guice/2.0/guice-2.0.jar:/home/rlegall/.m2/repository/org/nuxeo/runtime/nuxeo-runtime-remoting/5.4.2-SNAPSHOT/nuxeo-runtime-remoting-5.4.2-SNAPSHOT.jar:/home/rlegall/.m2/repository/jboss/jboss-remoting/2.2.2.SP1/jboss-remoting-2.2.2.SP1.jar:/home/rlegall/.m2/repository/jboss/jboss-common/4.2.3.GA/jboss-common-4.2.3.GA.jar:/home/rlegall/.m2/repository/org/nuxeo/runtime/nuxeo-runtime-osgi/5.4.2-SNAPSHOT/nuxeo-runtime-osgi-5.4.2-SNAPSHOT.jar:/home/rlegall/.m2/repository/jmock/jmock/1.2.0/jmock-1.2.0.jar:/home/rlegall/.m2/repository/org/osgi/osgi-core/4.1/osgi-core-4.1.jar:/home/rlegall/.m2/repository/commons-io/commons-io/1.4/commons-io-1.4.jar:/home/rlegall/.m2/repository/org/nuxeo/runtime/nuxeo-runtime-jetty-adapter/5.4.2-SNAPSHOT/nuxeo-runtime-jetty-adapter-5.4.2-SNAPSHOT.jar:/home/rlegall/.m2/repository/org/seleniumhq/selenium/selenium/2.0b1/selenium-2.0b1.jar:/home/rlegall/.m2/repository/org/seleniumhq/selenium/selenium-chrome-driver/2.0b1/selenium-chrome-driver-2.0b1.jar:/home/rlegall/.m2/repository/org/seleniumhq/selenium/selenium-remote-client/2.0b1/selenium-remote-client-2.0b1.jar:/home/rlegall/.m2/repository/cglib/cglib-nodep/2.1_3/cglib-nodep-2.1_3.jar:/home/rlegall/.m2/repository/org/seleniumhq/selenium/selenium-remote-common/2.0b1/selenium-remote-common-2.0b1.jar:/home/rlegall/.m2/repository/org/seleniumhq/selenium/selenium-common/2.0b1/selenium-common-2.0b1.jar:/home/rlegall/.m2/repository/org/json/json/20070829/json-20070829.jar:/home/rlegall/.m2/repository/commons-codec/commons-codec/1.4/commons-codec-1.4.jar:/home/rlegall/.m2/repository/com/google/guava/guava/r07/guava-r07.jar:/home/rlegall/.m2/repository/org/apache/httpcomponents/httpclient/4.0.1/httpclient-4.0.1.jar:/home/rlegall/.m2/repository/org/apache/httpcomponents/httpcore/4.0.1/httpcore-4.0.1.jar:/home/rlegall/.m2/repository/commons-logging/commons-logging/1.1/commons-logging-1.1.jar:/home/rlegall/.m2/repository/log4j/log4j/1.2.16/log4j-1.2.16.jar:/home/rlegall/.m2/repository/logkit/logkit/1.0.1/logkit-1.0.1.jar:/home/rlegall/.m2/repository/avalon-framework/avalon-framework/4.1.3/avalon-framework-4.1.3.jar:/home/rlegall/.m2/repository/javax/servlet/servlet-api/2.4/servlet-api-2.4.jar:/home/rlegall/.m2/repository/org/seleniumhq/selenium/selenium-htmlunit-driver/2.0b1/selenium-htmlunit-driver-2.0b1.jar:/home/rlegall/.m2/repository/net/sourceforge/htmlunit/htmlunit/2.8/htmlunit-2.8.jar:/home/rlegall/.m2/repository/xalan/xalan/2.7.1/xalan-2.7.1.jar:/home/rlegall/.m2/repository/xalan/serializer/2.7.1/serializer-2.7.1.jar:/home/rlegall/.m2/repository/commons-collections/commons-collections/3.1/commons-collections-3.1.jar:/home/rlegall/.m2/repository/commons-lang/commons-lang/2.3/commons-lang-2.3.jar:/home/rlegall/.m2/repository/org/apache/httpcomponents/httpmime/4.0.1/httpmime-4.0.1.jar:/home/rlegall/.m2/repository/org/apache/james/apache-mime4j/0.6/apache-mime4j-0.6.jar:/home/rlegall/.m2/repository/net/sourceforge/htmlunit/htmlunit-core-js/2.8/htmlunit-core-js-2.8.jar:/home/rlegall/.m2/repository/xerces/xercesImpl/2.9.1/xercesImpl-2.9.1.jar:/home/rlegall/.m2/repository/net/sourceforge/nekohtml/nekohtml/1.9.9/nekohtml-1.9.9.jar:/home/rlegall/.m2/repository/net/sourceforge/cssparser/cssparser/0.9.5/cssparser-0.9.5.jar:/home/rlegall/.m2/repository/org/w3c/css/sac/1.3/sac-1.3.jar:/home/rlegall/.m2/repository/org/seleniumhq/selenium/selenium-firefox-driver/2.0b1/selenium-firefox-driver-2.0b1.jar:/home/rlegall/.m2/repository/org/seleniumhq/selenium/selenium-ie-driver/2.0b1/selenium-ie-driver-2.0b1.jar:/home/rlegall/.m2/repository/net/java/dev/jna/jna/3.2.2/jna-3.2.2.jar:/home/rlegall/.m2/repository/org/seleniumhq/selenium/selenium-iphone-driver/2.0b1/selenium-iphone-driver-2.0b1.jar:/home/rlegall/.m2/repository/org/seleniumhq/selenium/selenium-support/2.0b1/selenium-support-2.0b1.jar:/home/rlegall/.m2/repository/org/hamcrest/hamcrest-all/1.1/hamcrest-all-1.1.jar:/home/rlegall/.m2/repository/org/seleniumhq/selenium/selenium-server/2.0b1/selenium-server-2.0b1.jar:/home/rlegall/.m2/repository/ant/ant/1.6.5/ant-1.6.5.jar:/home/rlegall/.m2/repository/bouncycastle/bcprov-jdk15/135/bcprov-jdk15-135.jar:/home/rlegall/.m2/repository/mx4j/mx4j-tools/3.0.1/mx4j-tools-3.0.1.jar:/home/rlegall/.m2/repository/org/mortbay/jetty/servlet-api-2.5/6.1.14/servlet-api-2.5-6.1.14.jar:/home/rlegall/.m2/repository/org/milyn/milyn-magger/1.3.1/milyn-magger-1.3.1.jar:/home/rlegall/.m2/repository/org/milyn/milyn-commons/1.3.1/milyn-commons-1.3.1.jar:/home/rlegall/.m2/repository/org/freemarker/freemarker/2.3.11/freemarker-2.3.11.jar:/home/rlegall/.m2/repository/javassist/javassist/3.9.0.GA/javassist-3.9.0.GA.jar:/home/rlegall/.m2/repository/org/milyn/flute/1.3/flute-1.3.jar:/home/rlegall/.m2/repository/org/w3c/sac/1.3/sac-1.3.jar:/home/rlegall/.m2/repository/org/concordion/concordion/1.3.0/concordion-1.3.0.jar:/home/rlegall/.m2/repository/ognl/ognl/2.7.2/ognl-2.7.2.jar:/home/rlegall/.m2/repository/jboss/javassist/3.6.ga/javassist-3.6.ga.jar:/home/rlegall/.m2/repository/xom/xom/1.1/xom-1.1.jar:/home/rlegall/.m2/repository/concurrent/concurrent/1.3.4/concurrent-1.3.4.jar:/home/rlegall/.m2/repository/org/nuxeo/ecm/core/nuxeo-core-test/5.4.2-SNAPSHOT/nuxeo-core-test-5.4.2-SNAPSHOT.jar:/home/rlegall/.m2/repository/org/nuxeo/ecm/core/nuxeo-core-api/5.4.2-SNAPSHOT/nuxeo-core-api-5.4.2-SNAPSHOT.jar:/home/rlegall/.m2/repository/org/nuxeo/ecm/core/nuxeo-core-schema/5.4.2-SNAPSHOT/nuxeo-core-schema-5.4.2-SNAPSHOT.jar:/home/rlegall/.m2/repository/com/sun/xml/xsom/20060306/xsom-20060306.jar:/home/rlegall/.m2/repository/com/sun/xml/relaxngDatatype/1.0/relaxngDatatype-1.0.jar:/home/rlegall/.m2/repository/org/nuxeo/ecm/core/nuxeo-core-convert/5.4.2-SNAPSHOT/nuxeo-core-convert-5.4.2-SNAPSHOT.jar:/home/rlegall/.m2/repository/org/nuxeo/ecm/core/nuxeo-core-convert-api/5.4.2-SNAPSHOT/nuxeo-core-convert-api-5.4.2-SNAPSHOT.jar:/home/rlegall/.m2/repository/org/nuxeo/ecm/core/nuxeo-core-storage-sql-test/5.4.2-SNAPSHOT/nuxeo-core-storage-sql-test-5.4.2-SNAPSHOT.jar:/home/rlegall/.m2/repository/org/nuxeo/runtime/nuxeo-runtime-jtajca/5.4.2-SNAPSHOT/nuxeo-runtime-jtajca-5.4.2-SNAPSHOT.jar:/home/rlegall/.m2/repository/org/slf4j/slf4j-log4j12/1.6.0/slf4j-log4j12-1.6.0.jar:/home/rlegall/.m2/repository/org/slf4j/slf4j-api/1.6.0/slf4j-api-1.6.0.jar:/home/rlegall/.m2/repository/org/nuxeo/ecm/core/nuxeo-core-management/5.4.2-SNAPSHOT/nuxeo-core-management-5.4.2-SNAPSHOT.jar:/home/rlegall/.m2/repository/org/nuxeo/ecm/core/nuxeo-core/5.4.2-SNAPSHOT/nuxeo-core-5.4.2-SNAPSHOT.jar:/home/rlegall/.m2/repository/org/nuxeo/ecm/core/nuxeo-core-query/5.4.2-SNAPSHOT/nuxeo-core-query-5.4.2-SNAPSHOT.jar:/home/rlegall/.m2/repository/cup/java-cup/0.11a/java-cup-0.11a.jar:/home/rlegall/.m2/repository/joda-time/joda-time/1.6/joda-time-1.6.jar:/home/rlegall/.m2/repository/org/nuxeo/ecm/core/nuxeo-core-event/5.4.2-SNAPSHOT/nuxeo-core-event-5.4.2-SNAPSHOT.jar:/home/rlegall/.m2/repository/org/nuxeo/runtime/nuxeo-runtime-management/5.4.2-SNAPSHOT/nuxeo-runtime-management-5.4.2-SNAPSHOT.jar:/home/rlegall/.m2/repository/javax/script/script-api/1.0/script-api-1.0.jar:/home/rlegall/.m2/repository/org/nuxeo/ecm/core/nuxeo-core-storage-sql/5.4.2-SNAPSHOT/nuxeo-core-storage-sql-5.4.2-SNAPSHOT.jar:/home/rlegall/.m2/repository/commons-httpclient/commons-httpclient/3.1/commons-httpclient-3.1.jar:/home/rlegall/.m2/repository/org/mortbay/jetty/jetty/6.1.14/jetty-6.1.14.jar:/home/rlegall/.m2/repository/org/mortbay/jetty/jetty-util/6.1.14/jetty-util-6.1.14.jar:/home/rlegall/.m2/repository/org/apache/lucene/lucene-analyzers/2.3.2/lucene-analyzers-2.3.2.jar:/home/rlegall/.m2/repository/org/apache/lucene/lucene-core/2.3.2/lucene-core-2.3.2.jar:/home/rlegall/.m2/repository/org/nuxeo/ecm/core/nuxeo-core-storage-sql-ra/5.4.2-SNAPSHOT/nuxeo-core-storage-sql-ra-5.4.2-SNAPSHOT.jar:/home/rlegall/.m2/repository/org/nuxeo/ecm/core/nuxeo-core-storage-sql-extensions/5.4.2-SNAPSHOT/nuxeo-core-storage-sql-extensions-5.4.2-SNAPSHOT.jar:/home/rlegall/.m2/repository/commons-beanutils/commons-beanutils/1.6/commons-beanutils-1.6.jar:/home/rlegall/.m2/repository/javax/resource/connector-api/1.5/connector-api-1.5.jar:/home/rlegall/.m2/repository/org/apache/geronimo/components/geronimo-connector/2.1.3-NX1/geronimo-connector-2.1.3-NX1.jar:/home/rlegall/.m2/repository/org/apache/geronimo/components/geronimo-transaction/2.1.3/geronimo-transaction-2.1.3.jar:/home/rlegall/.m2/repository/org/apache/geronimo/specs/geronimo-jta_1.1_spec/1.1.1/geronimo-jta_1.1_spec-1.1.1.jar:/home/rlegall/.m2/repository/org/apache/geronimo/specs/geronimo-j2ee-connector_1.5_spec/2.0.0/geronimo-j2ee-connector_1.5_spec-2.0.0.jar:/home/rlegall/.m2/repository/org/objectweb/howl/howl/1.0.1-1/howl-1.0.1-1.jar:/home/rlegall/.m2/repository/com/h2database/h2/1.1.114-nx/h2-1.1.114-nx.jar:/home/rlegall/.m2/repository/org/apache/derby/derby/10.5.3.0_1/derby-10.5.3.0_1.jar:/home/rlegall/.m2/repository/postgresql/postgresql/9.0-801.jdbc4/postgresql-9.0-801.jdbc4.jar:/home/rlegall/.m2/repository/mysql/mysql-connector-java/5.1.6/mysql-connector-java-5.1.6.jar:/home/rlegall/.m2/repository/net/sourceforge/jtds/jtds/1.2.4/jtds-1.2.4.jar:"/>
    <property name="java.vm.specification.version" value="1.0"/>
    <property name="sun.arch.data.model" value="64"/>
    <property name="java.home" value="/usr/lib/jvm/java-6-sun-1.6.0.24/jre"/>
    <property name="java.specification.vendor" value="Sun Microsystems Inc."/>
    <property name="user.language" value="en"/>
    <property name="java.vm.info" value="mixed mode"/>
    <property name="java.version" value="1.6.0_24"/>
    <property name="java.ext.dirs" value="/usr/lib/jvm/java-6-sun-1.6.0.24/jre/lib/ext:/usr/java/packages/lib/ext"/>
    <property name="sun.boot.class.path" value="/usr/lib/jvm/java-6-sun-1.6.0.24/jre/lib/resources.jar:/usr/lib/jvm/java-6-sun-1.6.0.24/jre/lib/rt.jar:/usr/lib/jvm/java-6-sun-1.6.0.24/jre/lib/sunrsasign.jar:/usr/lib/jvm/java-6-sun-1.6.0.24/jre/lib/jsse.jar:/usr/lib/jvm/java-6-sun-1.6.0.24/jre/lib/jce.jar:/usr/lib/jvm/java-6-sun-1.6.0.24/jre/lib/charsets.jar:/usr/lib/jvm/java-6-sun-1.6.0.24/jre/lib/modules/jdk.boot.jar:/usr/lib/jvm/java-6-sun-1.6.0.24/jre/classes"/>
    <property name="java.vendor" value="Sun Microsystems Inc."/>
    <property name="localRepository" value="/home/rlegall/.m2/repository"/>
    <property name="file.separator" value="/"/>
    <property name="java.vendor.url.bug" value="http://java.sun.com/cgi-bin/bugreport.cgi"/>
    <property name="sun.cpu.endian" value="little"/>
    <property name="sun.io.unicode.encoding" value="UnicodeLittle"/>
    <property name="sun.desktop" value="gnome"/>
    <property name="sun.cpu.isalist" value=""/>
  </properties>
  <testcase time="0.001" classname="org.nuxeo.cookbook.AppTest" name="testApp"/>
</testsuite>